2019-03-18 18:41:25,587 [ModalContext] ERROR de.jayefem.log4e.operations.BaseInvoker - $IRunnableWithProgress.run(IProgressMonitor monitor)
de.jayefem.exceptions.JayInfoException: 没有可用的本地变量.
	at de.jayefem.log4e.operations.add.AddVariableOperation.addLogger(AddVariableOperation.java:147)
	at de.jayefem.log4e.operations.add.AddVariableOperation.startOperation(AddVariableOperation.java:96)
	at de.jayefem.log4e.operations.BaseOperation.startProgress(BaseOperation.java:93)
	at de.jayefem.log4e.operations.BaseInvoker.createChangeElement(BaseInvoker.java:294)
	at de.jayefem.log4e.operations.BaseInvoker.createChangeElements(BaseInvoker.java:227)
	at de.jayefem.log4e.operations.BaseInvoker$1.run(BaseInvoker.java:147)
	at org.eclipse.jface.operation.ModalContext$ModalContextThread.run(ModalContext.java:122)
2019-03-18 18:41:25,734 [main] ERROR de.jayefem.log4e.operations.BaseInvoker - startProgress(List compilationUnitList, MethodDeclaration selectedMethodDeclaration)
java.lang.reflect.InvocationTargetException
	at de.jayefem.log4e.operations.BaseInvoker$1.run(BaseInvoker.java:151)
	at org.eclipse.jface.operation.ModalContext$ModalContextThread.run(ModalContext.java:122)
Caused by: de.jayefem.exceptions.JayInfoException: 没有可用的本地变量.
	at de.jayefem.log4e.operations.add.AddVariableOperation.addLogger(AddVariableOperation.java:147)
	at de.jayefem.log4e.operations.add.AddVariableOperation.startOperation(AddVariableOperation.java:96)
	at de.jayefem.log4e.operations.BaseOperation.startProgress(BaseOperation.java:93)
	at de.jayefem.log4e.operations.BaseInvoker.createChangeElement(BaseInvoker.java:294)
	at de.jayefem.log4e.operations.BaseInvoker.createChangeElements(BaseInvoker.java:227)
	at de.jayefem.log4e.operations.BaseInvoker$1.run(BaseInvoker.java:147)
	... 1 more
2019-03-18 18:41:42,745 [ModalContext] ERROR de.jayefem.log4e.operations.BaseInvoker - $IRunnableWithProgress.run(IProgressMonitor monitor)
de.jayefem.exceptions.JayInfoException: 没有可用的本地变量.
	at de.jayefem.log4e.operations.add.AddVariableOperation.addLogger(AddVariableOperation.java:147)
	at de.jayefem.log4e.operations.add.AddVariableOperation.startOperation(AddVariableOperation.java:96)
	at de.jayefem.log4e.operations.BaseOperation.startProgress(BaseOperation.java:93)
	at de.jayefem.log4e.operations.BaseInvoker.createChangeElement(BaseInvoker.java:294)
	at de.jayefem.log4e.operations.BaseInvoker.createChangeElements(BaseInvoker.java:227)
	at de.jayefem.log4e.operations.BaseInvoker$1.run(BaseInvoker.java:147)
	at org.eclipse.jface.operation.ModalContext$ModalContextThread.run(ModalContext.java:122)
2019-03-18 18:41:42,832 [main] ERROR de.jayefem.log4e.operations.BaseInvoker - startProgress(List compilationUnitList, MethodDeclaration selectedMethodDeclaration)
java.lang.reflect.InvocationTargetException
	at de.jayefem.log4e.operations.BaseInvoker$1.run(BaseInvoker.java:151)
	at org.eclipse.jface.operation.ModalContext$ModalContextThread.run(ModalContext.java:122)
Caused by: de.jayefem.exceptions.JayInfoException: 没有可用的本地变量.
	at de.jayefem.log4e.operations.add.AddVariableOperation.addLogger(AddVariableOperation.java:147)
	at de.jayefem.log4e.operations.add.AddVariableOperation.startOperation(AddVariableOperation.java:96)
	at de.jayefem.log4e.operations.BaseOperation.startProgress(BaseOperation.java:93)
	at de.jayefem.log4e.operations.BaseInvoker.createChangeElement(BaseInvoker.java:294)
	at de.jayefem.log4e.operations.BaseInvoker.createChangeElements(BaseInvoker.java:227)
	at de.jayefem.log4e.operations.BaseInvoker$1.run(BaseInvoker.java:147)
	... 1 more
